<?xml version="1.0" encoding="UTF-8"?>
<!-- Generated by org.testng.reporters.JUnitReportReporter -->
<testsuite skipped="0" hostname="NLBP-50667" name="com.WorkPanel.products.CreateProductsTest" tests="1" failures="0" timestamp="13 Nov 2021 09:05:20 GMT" time="5.802" errors="0">
  <testcase name="createProducts" time="5.802" classname="com.WorkPanel.products.CreateProductsTest"/>
</testsuite> <!-- com.WorkPanel.products.CreateProductsTest -->
